c:\users\jbrock\documents\github\opengltutorials2-1\projectfiles\external\glfw-3.0.3\src\glfw_303.dir\debug\clipboard.obj
c:\users\jbrock\documents\github\opengltutorials2-1\projectfiles\external\glfw-3.0.3\src\glfw_303.dir\debug\window.obj
c:\users\jbrock\documents\github\opengltutorials2-1\projectfiles\external\glfw-3.0.3\src\glfw_303.dir\debug\monitor.obj
c:\users\jbrock\documents\github\opengltutorials2-1\projectfiles\external\glfw-3.0.3\src\glfw_303.dir\debug\win32_time.obj
c:\users\jbrock\documents\github\opengltutorials2-1\projectfiles\external\glfw-3.0.3\src\glfw_303.dir\debug\joystick.obj
c:\users\jbrock\documents\github\opengltutorials2-1\projectfiles\external\glfw-3.0.3\src\glfw_303.dir\debug\win32_monitor.obj
c:\users\jbrock\documents\github\opengltutorials2-1\projectfiles\external\glfw-3.0.3\src\glfw_303.dir\debug\time.obj
c:\users\jbrock\documents\github\opengltutorials2-1\projectfiles\external\glfw-3.0.3\src\glfw_303.dir\debug\win32_window.obj
c:\users\jbrock\documents\github\opengltutorials2-1\projectfiles\external\glfw-3.0.3\src\glfw_303.dir\debug\context.obj
c:\users\jbrock\documents\github\opengltutorials2-1\projectfiles\external\glfw-3.0.3\src\glfw_303.dir\debug\win32_clipboard.obj
c:\users\jbrock\documents\github\opengltutorials2-1\projectfiles\external\glfw-3.0.3\src\glfw_303.dir\debug\init.obj
c:\users\jbrock\documents\github\opengltutorials2-1\projectfiles\external\glfw-3.0.3\src\glfw_303.dir\debug\win32_joystick.obj
c:\users\jbrock\documents\github\opengltutorials2-1\projectfiles\external\glfw-3.0.3\src\glfw_303.dir\debug\input.obj
c:\users\jbrock\documents\github\opengltutorials2-1\projectfiles\external\glfw-3.0.3\src\glfw_303.dir\debug\win32_init.obj
c:\users\jbrock\documents\github\opengltutorials2-1\projectfiles\external\glfw-3.0.3\src\glfw_303.dir\debug\gamma.obj
c:\users\jbrock\documents\github\opengltutorials2-1\projectfiles\external\glfw-3.0.3\src\glfw_303.dir\debug\win32_gamma.obj
c:\users\jbrock\documents\github\opengltutorials2-1\projectfiles\external\glfw-3.0.3\src\glfw_303.dir\debug\wgl_context.obj
c:\users\jbrock\documents\github\opengltutorials2-1\projectfiles\external\glfw-3.0.3\src\glfw_303.dir\debug\vc120.pdb
c:\users\jbrock\documents\github\opengltutorials2-1\projectfiles\external\glfw-3.0.3\src\cmakefiles\generate.stamp
c:\users\jbrock\documents\github\opengltutorials2-1\projectfiles\external\glfw-3.0.3\src\debug\glfw3.lib
c:\users\jbrock\documents\github\opengltutorials2-1\projectfiles\external\glfw-3.0.3\src\glfw_303.dir\debug\glfw_303.tlog\cl.command.1.tlog
c:\users\jbrock\documents\github\opengltutorials2-1\projectfiles\external\glfw-3.0.3\src\glfw_303.dir\debug\glfw_303.tlog\cl.read.1.tlog
c:\users\jbrock\documents\github\opengltutorials2-1\projectfiles\external\glfw-3.0.3\src\glfw_303.dir\debug\glfw_303.tlog\cl.write.1.tlog
c:\users\jbrock\documents\github\opengltutorials2-1\projectfiles\external\glfw-3.0.3\src\glfw_303.dir\debug\glfw_303.tlog\custombuild.command.1.tlog
c:\users\jbrock\documents\github\opengltutorials2-1\projectfiles\external\glfw-3.0.3\src\glfw_303.dir\debug\glfw_303.tlog\custombuild.read.1.tlog
c:\users\jbrock\documents\github\opengltutorials2-1\projectfiles\external\glfw-3.0.3\src\glfw_303.dir\debug\glfw_303.tlog\custombuild.write.1.tlog
c:\users\jbrock\documents\github\opengltutorials2-1\projectfiles\external\glfw-3.0.3\src\glfw_303.dir\debug\glfw_303.tlog\lib-link.read.1.tlog
c:\users\jbrock\documents\github\opengltutorials2-1\projectfiles\external\glfw-3.0.3\src\glfw_303.dir\debug\glfw_303.tlog\lib-link.write.1.tlog
c:\users\jbrock\documents\github\opengltutorials2-1\projectfiles\external\glfw-3.0.3\src\glfw_303.dir\debug\glfw_303.tlog\lib.command.1.tlog
